c:\users\허진호\desktop\파판\debug\20170426_1.pch
c:\users\허진호\desktop\파판\debug\vc141.pdb
c:\users\허진호\desktop\파판\debug\vc141.idb
c:\users\허진호\desktop\파판\debug\stdafx.obj
c:\users\허진호\desktop\파판\debug\maingame.obj
c:\users\허진호\desktop\파판\debug\map_creat.obj
c:\users\허진호\desktop\파판\debug\map_tool_scene.obj
c:\users\허진호\desktop\파판\debug\menu_scene.obj
c:\users\허진호\desktop\파판\debug\obj_npc.obj
c:\users\허진호\desktop\파판\debug\obj_npc_box.obj
c:\users\허진호\desktop\파판\debug\obj_npc_m.obj
c:\users\허진호\desktop\파판\debug\player.obj
c:\users\허진호\desktop\파판\debug\play_scene.obj
c:\users\허진호\desktop\파판\debug\progressbar.obj
c:\users\허진호\desktop\파판\debug\save_load.obj
c:\users\허진호\desktop\파판\debug\scenemanager.obj
c:\users\허진호\desktop\파판\debug\soundmanager.obj
c:\users\허진호\desktop\파판\debug\text_box.obj
c:\users\허진호\desktop\파판\debug\timemanager.obj
c:\users\허진호\desktop\파판\debug\timer.obj
c:\users\허진호\desktop\파판\debug\txtdata.obj
c:\users\허진호\desktop\파판\debug\txttest.obj
c:\users\허진호\desktop\파판\debug\utils.obj
c:\users\허진호\desktop\파판\debug\winmain.obj
c:\users\허진호\desktop\파판\debug\bag.obj
c:\users\허진호\desktop\파판\debug\battle_scene.obj
c:\users\허진호\desktop\파판\debug\button.obj
c:\users\허진호\desktop\파판\debug\character_hp_mp.obj
c:\users\허진호\desktop\파판\debug\database.obj
c:\users\허진호\desktop\파판\debug\drag.obj
c:\users\허진호\desktop\파판\debug\effect.obj
c:\users\허진호\desktop\파판\debug\effectmanager.obj
c:\users\허진호\desktop\파판\debug\gamenode.obj
c:\users\허진호\desktop\파판\debug\image.obj
c:\users\허진호\desktop\파판\debug\imagemanager.obj
c:\users\허진호\desktop\파판\debug\inidatamanager.obj
c:\users\허진호\desktop\파판\debug\inve.obj
c:\users\허진호\desktop\파판\debug\inven_bag.obj
c:\users\허진호\desktop\파판\debug\inven_equipment.obj
c:\users\허진호\desktop\파판\debug\inven_job.obj
c:\users\허진호\desktop\파판\debug\inven_state.obj
c:\users\허진호\desktop\파판\debug\keyanimanager.obj
c:\users\허진호\desktop\파판\debug\keymanager.obj
c:\users\허진호\desktop\파판\debug\loading.obj
c:\users\허진호\desktop\파판\debug\animation.obj
c:\users\허진호\desktop\파판\debug\obj_npc_stand.obj
c:\users\허진호\desktop\파판\debug\salesman_scene.obj
c:\users\허진호\desktop\파판\debug\20170426_1.ilk
c:\users\허진호\desktop\파판\debug\20170426_1.exe
c:\users\허진호\desktop\파판\debug\20170426_1.pdb
c:\users\허진호\desktop\파판\debug\inven_equipment.obj.enc
c:\users\허진호\desktop\파판\debug\maingame.obj.enc
c:\users\허진호\desktop\파판\debug\map_creat.obj.enc
c:\users\허진호\desktop\파판\debug\map_tool_scene.obj.enc
c:\users\허진호\desktop\파판\debug\obj_npc_m.obj.enc
c:\users\허진호\desktop\파판\debug\play_scene.obj.enc
c:\users\허진호\desktop\파판\debug\txtdata.obj.enc
c:\users\허진호\desktop\파판\debug\winmain.obj.enc
c:\users\허진호\desktop\파판\debug\20170426_1.tlog\cl.command.1.tlog
c:\users\허진호\desktop\파판\debug\20170426_1.tlog\cl.read.1.tlog
c:\users\허진호\desktop\파판\debug\20170426_1.tlog\cl.write.1.tlog
c:\users\허진호\desktop\파판\debug\20170426_1.tlog\link.command.1.tlog
c:\users\허진호\desktop\파판\debug\20170426_1.tlog\link.read.1.tlog
c:\users\허진호\desktop\파판\debug\20170426_1.tlog\link.write.1.tlog
